<?xml version="1.0" encoding="UTF-8"?>
<!-- Generated by org.testng.reporters.JUnitReportReporter -->
<testsuite skipped="0" hostname="AT1LAP2004" name="bwi.prog2B.SS2017.wi16b044_kapferer.ExerciseSheet02.test.TrackTest" tests="9" failures="0" timestamp="26 Jun 2017 11:14:50 GMT" time="0.115" errors="0">
  <testcase name="TrackString" time="0.001" classname="bwi.prog2B.SS2017.wi16b044_kapferer.ExerciseSheet02.test.TrackTest"/>
  <testcase name="Track" time="0.007" classname="bwi.prog2B.SS2017.wi16b044_kapferer.ExerciseSheet02.test.TrackTest"/>
  <testcase name="TrackTrack" time="0.001" classname="bwi.prog2B.SS2017.wi16b044_kapferer.ExerciseSheet02.test.TrackTest"/>
  <testcase name="TrackTrack" time="0.002" classname="bwi.prog2B.SS2017.wi16b044_kapferer.ExerciseSheet02.test.TrackTest"/>
  <testcase name="TrackTrack" time="0.007" classname="bwi.prog2B.SS2017.wi16b044_kapferer.ExerciseSheet02.test.TrackTest"/>
  <testcase name="TrackString" time="0.094" classname="bwi.prog2B.SS2017.wi16b044_kapferer.ExerciseSheet02.test.TrackTest"/>
  <testcase name="TrackString" time="0.001" classname="bwi.prog2B.SS2017.wi16b044_kapferer.ExerciseSheet02.test.TrackTest"/>
  <testcase name="TrackTrack" time="0.001" classname="bwi.prog2B.SS2017.wi16b044_kapferer.ExerciseSheet02.test.TrackTest"/>
  <testcase name="TrackString" time="0.001" classname="bwi.prog2B.SS2017.wi16b044_kapferer.ExerciseSheet02.test.TrackTest"/>
</testsuite> <!-- bwi.prog2B.SS2017.wi16b044_kapferer.ExerciseSheet02.test.TrackTest -->
